<?xml version="1.0" encoding="UTF-8"?>
<!-- Generated by org.testng.reporters.JUnitReportReporter -->
<testsuite skipped="0" hostname="LAPTOP-0F765RS2" name="com.smc.APITesting.testcases.CreateCustomerTest" tests="2" failures="0" timestamp="2020-11-13T00:40:56 IST" time="0.001" errors="0">
  <testcase name="validateCreateCustomerApiWithValidateSecretKey" time="0.001" classname="com.smc.APITesting.testcases.CreateCustomerTest"/>
  <testcase name="validateCreateCustomerApiWithinValidateSecretKey" time="0.000" classname="com.smc.APITesting.testcases.CreateCustomerTest"/>
</testsuite> <!-- com.smc.APITesting.testcases.CreateCustomerTest -->
